Z:\Movies\101 Dalmatians (1996)\101 Dalmatians (1996) WEBRip-1080p.mkv
Resolution: [1920, 1080]

Black pixel region detected : [0]x[134]


Z:\Movies\101 Dalmatians (1996)\101 Dalmatians (1996) WEBRip-1080p.mkv
Resolution: [1920, 1080]

Black pixel region detected : [0]x[134]


Z:\Movies\101 Dalmatians (1996)\101 Dalmatians (1996) WEBRip-1080p.mkv
Resolution: [1920, 1080]

Black pixel region detected : [0]x[134]


Z:\Movies\101 Dalmatians (1996)\101 Dalmatians (1996) WEBRip-1080p.mkv
Resolution: [1920, 1080]

Black pixel region detected : [0]x[134]


Z:\Movies\101 Dalmatians (1996)\101 Dalmatians (1996) WEBRip-1080p.mkv
Resolution: [1920, 1080]

Black pixel region detected : [0]x[134]


Z:\Movies\101 Dalmatians (1996)\101 Dalmatians (1996) WEBRip-1080p.mkv
Resolution: [1920, 1080]

Black pixel region detected : [0]x[134]


Z:\Movies\101 Dalmatians (1996)\101 Dalmatians (1996) WEBRip-1080p.mkv
Resolution: [1920, 1080]

Black pixel region detected : 0x134


Z:\Movies\101 Dalmatians (1996)\101 Dalmatians (1996) WEBRip-1080p.mkv
Resolution: [1920, 1080]

Black pixel region detected : 0x134


Z:\Movies\101 Dalmatians (1996)\101 Dalmatians (1996) WEBRip-1080p.mkv
Resolution: [1920, 1080]

Black pixel region detected : 0x134


Z:\Movies\Amadeus (1984)\Amadeus (1984) Remux-1080p.mkv
Resolution: [1920, 1080]

Black pixel region detected : 0x148


Z:\Movies\Amadeus (1984)\Amadeus (1984) Remux-1080p.mkv
Resolution: [1920, 1080]

Black pixel region detected : 0x148


Z:\Movies\Amadeus (1984)\Amadeus (1984) Remux-1080p.mkv
Resolution: [1920, 1080]

Black pixel region detected : 0x148


Z:\Movies\Amadeus (1984)\Amadeus (1984) Remux-1080p.mkv
Resolution: [1920, 1080]

Black pixel region detected : 0x148


Z:\Movies\Amadeus (1984)\Amadeus (1984) Remux-1080p.mkv
Resolution: [1920, 1080]

Black pixel region detected : 0x148


Z:\Movies\Amadeus (1984)\Amadeus (1984) Remux-1080p.mkv
Resolution: [1920, 1080]

Black pixel region detected : 0x148


Z:\Movies\Amadeus (1984)\Amadeus (1984) Remux-1080p.mkv
Resolution: [1920, 1080]

Black pixel region detected : 0x148


Z:\Movies\Amadeus (1984)\Amadeus (1984) Remux-1080p.mkv
Resolution: [1920, 1080]

Black pixel region detected : 0x148


Z:\Movies\Amadeus (1984)\Amadeus (1984) Remux-1080p.mkv
Resolution: [1920, 1080]

Black pixel region detected : 0x148


Z:\Movies\Amadeus (1984)\Amadeus (1984) Remux-1080p.mkv
Resolution: [1920, 1080]

Black pixel region detected : 0x148


Z:\Movies\Amadeus (1984)\Amadeus (1984) Remux-1080p.mkv
Resolution: [1920, 1080]

Black pixel region detected : 0x148


Z:\Movies\Amadeus (1984)\Amadeus (1984) Remux-1080p.mkv
Resolution: [1920, 1080]

Black pixel region detected : 0x148


Z:\Movies\Amadeus (1984)\Amadeus (1984) Remux-1080p.mkv
Resolution: [1920, 1080]

Black pixel region detected : 0x148


Z:\Movies\Amadeus (1984)\Amadeus (1984) Remux-1080p.mkv
Resolution: [1920, 1080]

Black pixel region detected : 0x148


